<?xml version='1.0' encoding='UTF-8'?> 
<!DOCTYPE topic SYSTEM "org.kuali.kits.kms.doctypes/doctypes/concept/dtd/kbconcept.dtd">
<topic id="kbdoc">
  <title>Topic title</title> 
  <body>
    <p>Topic paragraph</p> 
  </body>
</topic>
